<?xml version="1.0" encoding="UTF-8"?>
<testsuites name="Data Driven Benito Test Suite" time="115" tests="2" failures="0" errors="0">
   <testsuite name="Data Driven Benito Test Suite" tests="2" failures="0" errors="0" time="115" timestamp="2018-04-17 10:18:27" hostname="Ibermatica - LM24398P.intranet.ibermatica" id="Test Suites/Data Driven Benito Test Suite">
      <properties>
         <property name="deviceName" value="Sony D2303 (Android 5.1.1)"/>
         <property name="devicePlatform" value=""/>
         <property name="logFolder" value="D:\\Usuarios\\Ibermatica\\Katalon Studio\\Data_Driven_Benito\\Reports\\Data Driven Benito Test Suite\\20180417_101825"/>
         <property name="logFiles" value="D:\\Usuarios\\Ibermatica\\Katalon Studio\\Data_Driven_Benito\\Reports\\Data Driven Benito Test Suite\\20180417_101825\\appium.log, D:\\Usuarios\\Ibermatica\\Katalon Studio\\Data_Driven_Benito\\Reports\\Data Driven Benito Test Suite\\20180417_101825\\execution0.log"/>
         <property name="attachments" value=""/>
         <property name="hostName" value="Ibermatica - LM24398P.intranet.ibermatica"/>
         <property name="os" value="Windows 7 64bit"/>
         <property name="katalonVersion" value="5.3.1.1"/>
         <property name="deviceOS" value="Android"/>
         <property name="appiumVersion" value="1.6.4"/>
         <property name="deviceModel" value="D2303"/>
         <property name="hostAddress" value="192.168.43.86"/>
         <property name="deviceManufacturer" value="Sony"/>
         <property name="deviceId" value="ZH8006VQKP"/>
         <property name="deviceName" value="Sony D2303 (Android 5.1.1)"/>
         <property name="deviceOSVersion" value="5.1.1"/>
      </properties>
      <testcase name="Test Cases/Login_OK" classname="Test Cases/Login_OK" status="PASSED">
         <system-out><![CDATA[2018-04-17 10:18:28 - [TEST_CASE][PASSED] - Test Cases/Login_OK: Test Cases/Login_OK

2018-04-17 10:18:28 - [TEST_STEP][PASSED] - Statement - data = com.kms.katalon.core.testdata.TestDataFactory.findTestData(TestData): Test data is internal data, reading internal data

2018-04-17 10:18:28 - [TEST_STEP][PASSED] - Statement - Try: Close app successfully

2018-04-17 10:18:28 - [TEST_STEP][PASSED] - Statement - out.println("Hola-mundo-170418-952"): null

2018-04-17 10:18:28 - [TEST_STEP][PASSED] - Statement - For (def index : data.getRowNumbers()): Close app successfully

2018-04-17 10:18:28 - [TEST_STEP][PASSED] - startApplication: Started app at: 'C:\Appium_Demo\src\apk\AppiumDemo.apk'

2018-04-17 10:18:53 - [MESSAGE][PASSED] - Started app at: 'C:\Appium_Demo\src\apk\AppiumDemo.apk'

2018-04-17 10:18:53 - [TEST_STEP][PASSED] - Statement - out.println("Appium Service Address"): null

2018-04-17 10:18:53 - [TEST_STEP][PASSED] - setText: Text '64026203E' has been set to element 'Object Repository/android.widget.EditText0 - N Documento'

2018-04-17 10:19:01 - [MESSAGE][PASSED] - Text '64026203E' has been set to element 'Object Repository/android.widget.EditText0 - N Documento'

2018-04-17 10:19:01 - [TEST_STEP][PASSED] - delay: Delayed 5 second(s)

2018-04-17 10:19:06 - [MESSAGE][PASSED] - Delayed 5 second(s)

2018-04-17 10:19:06 - [TEST_STEP][PASSED] - setText: Text 'Ibermatica' has been set to element 'Object Repository/android.widget.EditText1'

2018-04-17 10:19:13 - [MESSAGE][PASSED] - Text 'Ibermatica' has been set to element 'Object Repository/android.widget.EditText1'

2018-04-17 10:19:13 - [TEST_STEP][PASSED] - delay: Delayed 5 second(s)

2018-04-17 10:19:18 - [MESSAGE][PASSED] - Delayed 5 second(s)

2018-04-17 10:19:18 - [TEST_STEP][PASSED] - hideKeyboard: Keyboard is hidden

2018-04-17 10:19:19 - [MESSAGE][PASSED] - Keyboard is hidden

2018-04-17 10:19:19 - [TEST_STEP][PASSED] - tap: Tapped on element 'Object Repository/android.widget.Button0 - Acceder'

2018-04-17 10:19:20 - [MESSAGE][PASSED] - Tapped on element 'Object Repository/android.widget.Button0 - Acceder'

2018-04-17 10:19:20 - [TEST_STEP][PASSED] - waitForElementPresent: Element 'Object Repository/android.widget.TextView3 - Tarjetas' is present

2018-04-17 10:19:21 - [MESSAGE][PASSED] - Element 'Object Repository/android.widget.TextView3 - Tarjetas' is present

2018-04-17 10:19:21 - [TEST_STEP][PASSED] - pressBack: Press back button successfully

2018-04-17 10:19:21 - [MESSAGE][PASSED] - Press back button successfully

2018-04-17 10:19:21 - [TEST_STEP][PASSED] - closeApplication: Close app successfully

2018-04-17 10:19:27 - [MESSAGE][PASSED] - Close app successfully]]></system-out>
         <system-err><![CDATA[]]></system-err>
      </testcase>
      <testcase name="Test Cases/Login_OK" classname="Test Cases/Login_OK" status="PASSED">
         <system-out><![CDATA[2018-04-17 10:19:27 - [TEST_CASE][PASSED] - Test Cases/Login_OK: Test Cases/Login_OK

2018-04-17 10:19:27 - [TEST_STEP][PASSED] - Statement - data = com.kms.katalon.core.testdata.TestDataFactory.findTestData(TestData): Test data is internal data, reading internal data

2018-04-17 10:19:27 - [TEST_STEP][PASSED] - Statement - Try: Close app successfully

2018-04-17 10:19:27 - [TEST_STEP][PASSED] - Statement - out.println("Hola-mundo-170418-952"): null

2018-04-17 10:19:27 - [TEST_STEP][PASSED] - Statement - For (def index : data.getRowNumbers()): Close app successfully

2018-04-17 10:19:27 - [TEST_STEP][PASSED] - startApplication: Started app at: 'C:\Appium_Demo\src\apk\AppiumDemo.apk'

2018-04-17 10:19:50 - [MESSAGE][PASSED] - Started app at: 'C:\Appium_Demo\src\apk\AppiumDemo.apk'

2018-04-17 10:19:50 - [TEST_STEP][PASSED] - Statement - out.println("Appium Service Address"): null

2018-04-17 10:19:50 - [TEST_STEP][PASSED] - setText: Text '77001622Z' has been set to element 'Object Repository/android.widget.EditText0 - N Documento'

2018-04-17 10:19:57 - [MESSAGE][PASSED] - Text '77001622Z' has been set to element 'Object Repository/android.widget.EditText0 - N Documento'

2018-04-17 10:19:57 - [TEST_STEP][PASSED] - delay: Delayed 5 second(s)

2018-04-17 10:20:02 - [MESSAGE][PASSED] - Delayed 5 second(s)

2018-04-17 10:20:02 - [TEST_STEP][PASSED] - setText: Text 'Ibermatica' has been set to element 'Object Repository/android.widget.EditText1'

2018-04-17 10:20:09 - [MESSAGE][PASSED] - Text 'Ibermatica' has been set to element 'Object Repository/android.widget.EditText1'

2018-04-17 10:20:09 - [TEST_STEP][PASSED] - delay: Delayed 5 second(s)

2018-04-17 10:20:14 - [MESSAGE][PASSED] - Delayed 5 second(s)

2018-04-17 10:20:14 - [TEST_STEP][PASSED] - hideKeyboard: Keyboard is hidden

2018-04-17 10:20:16 - [MESSAGE][PASSED] - Keyboard is hidden

2018-04-17 10:20:16 - [TEST_STEP][PASSED] - tap: Tapped on element 'Object Repository/android.widget.Button0 - Acceder'

2018-04-17 10:20:16 - [MESSAGE][PASSED] - Tapped on element 'Object Repository/android.widget.Button0 - Acceder'

2018-04-17 10:20:16 - [TEST_STEP][PASSED] - waitForElementPresent: Element 'Object Repository/android.widget.TextView3 - Tarjetas' is present

2018-04-17 10:20:17 - [MESSAGE][PASSED] - Element 'Object Repository/android.widget.TextView3 - Tarjetas' is present

2018-04-17 10:20:17 - [TEST_STEP][PASSED] - pressBack: Press back button successfully

2018-04-17 10:20:17 - [MESSAGE][PASSED] - Press back button successfully

2018-04-17 10:20:17 - [TEST_STEP][PASSED] - closeApplication: Close app successfully

2018-04-17 10:20:23 - [MESSAGE][PASSED] - Close app successfully]]></system-out>
         <system-err><![CDATA[]]></system-err>
      </testcase>
      <system-out><![CDATA[2018-04-17 10:18:27 - [TEST_SUITE][PASSED] - Data Driven Benito Test Suite: Test Cases/Login_OK]]></system-out>
      <system-err><![CDATA[]]></system-err>
   </testsuite>
</testsuites>
