<?xml version="1.0" encoding="UTF-8"?>
<testsuites name="Data Driven Benito Test Suite" time="126" tests="2" failures="0" errors="0">
   <testsuite name="Data Driven Benito Test Suite" tests="2" failures="0" errors="0" time="126" timestamp="2018-05-08 12:21:37" hostname="Ibermatica - LM24398P.intranet.ibermatica" id="Test Suites/Data Driven Benito Test Suite">
      <properties>
         <property name="deviceName" value="Sony D2303 (Android 5.1.1)"/>
         <property name="devicePlatform" value=""/>
         <property name="logFolder" value="D:\\Usuarios\\Ibermatica\\Katalon Studio\\Data_Driven_Benito\\Reports\\Data Driven Benito Test Suite\\20180508_122134"/>
         <property name="logFiles" value="D:\\Usuarios\\Ibermatica\\Katalon Studio\\Data_Driven_Benito\\Reports\\Data Driven Benito Test Suite\\20180508_122134\\appium.log, D:\\Usuarios\\Ibermatica\\Katalon Studio\\Data_Driven_Benito\\Reports\\Data Driven Benito Test Suite\\20180508_122134\\execution0.log"/>
         <property name="attachments" value=""/>
         <property name="hostName" value="Ibermatica - LM24398P.intranet.ibermatica"/>
         <property name="os" value="Windows 7 64bit"/>
         <property name="katalonVersion" value="5.4.1.1"/>
         <property name="deviceOS" value="Android"/>
         <property name="appiumVersion" value="1.6.4"/>
         <property name="deviceModel" value="D2303"/>
         <property name="hostAddress" value="172.29.220.233"/>
         <property name="deviceManufacturer" value="Sony"/>
         <property name="deviceId" value="ZH8006VQKP"/>
         <property name="deviceName" value="Sony D2303 (Android 5.1.1)"/>
         <property name="deviceOSVersion" value="5.1.1"/>
      </properties>
      <testcase name="Test Cases/Login_OK" classname="Test Cases/Login_OK" status="PASSED">
         <system-out><![CDATA[2018-05-08 12:21:37 - [TEST_CASE][PASSED] - Test Cases/Login_OK: Test Cases/Login_OK

2018-05-08 12:21:38 - [TEST_STEP][PASSED] - Statement - data = com.kms.katalon.core.testdata.TestDataFactory.findTestData(TestData): Test data is internal data, reading internal data

2018-05-08 12:21:38 - [TEST_STEP][PASSED] - Statement - Try: Close app successfully

2018-05-08 12:21:38 - [TEST_STEP][PASSED] - Statement - out.println("Hola-mundo-07/05/2018-844-integrado con git"): null

2018-05-08 12:21:38 - [TEST_STEP][PASSED] - Statement - For (def index : data.getRowNumbers()): Close app successfully

2018-05-08 12:21:38 - [TEST_STEP][PASSED] - startApplication: Started app at: 'C:\Appium_Demo\src\apk\AppiumDemo.apk'

2018-05-08 12:22:06 - [MESSAGE][PASSED] - Started app at: 'C:\Appium_Demo\src\apk\AppiumDemo.apk'

2018-05-08 12:22:06 - [TEST_STEP][PASSED] - Statement - out.println("Appium Service Address"): null

2018-05-08 12:22:06 - [TEST_STEP][PASSED] - setText: Text '64026203E' has been set to element 'Object Repository/android.widget.EditText0 - N Documento'

2018-05-08 12:22:13 - [MESSAGE][PASSED] - Text '64026203E' has been set to element 'Object Repository/android.widget.EditText0 - N Documento'

2018-05-08 12:22:13 - [TEST_STEP][PASSED] - delay: Delayed 5 second(s)

2018-05-08 12:22:18 - [MESSAGE][PASSED] - Delayed 5 second(s)

2018-05-08 12:22:18 - [TEST_STEP][PASSED] - setText: Text 'Ibermatica' has been set to element 'Object Repository/android.widget.EditText1'

2018-05-08 12:22:25 - [MESSAGE][PASSED] - Text 'Ibermatica' has been set to element 'Object Repository/android.widget.EditText1'

2018-05-08 12:22:25 - [TEST_STEP][PASSED] - delay: Delayed 5 second(s)

2018-05-08 12:22:30 - [MESSAGE][PASSED] - Delayed 5 second(s)

2018-05-08 12:22:30 - [TEST_STEP][PASSED] - hideKeyboard: Keyboard is hidden

2018-05-08 12:22:31 - [MESSAGE][PASSED] - Keyboard is hidden

2018-05-08 12:22:31 - [TEST_STEP][PASSED] - tap: Tapped on element 'Object Repository/android.widget.Button0 - Acceder'

2018-05-08 12:22:32 - [MESSAGE][PASSED] - Tapped on element 'Object Repository/android.widget.Button0 - Acceder'

2018-05-08 12:22:32 - [TEST_STEP][PASSED] - waitForElementPresent: Element 'Object Repository/android.widget.TextView3 - Tarjetas' is present

2018-05-08 12:22:33 - [MESSAGE][PASSED] - Element 'Object Repository/android.widget.TextView3 - Tarjetas' is present

2018-05-08 12:22:33 - [TEST_STEP][PASSED] - pressBack: Press back button successfully

2018-05-08 12:22:33 - [MESSAGE][PASSED] - Press back button successfully

2018-05-08 12:22:33 - [TEST_STEP][PASSED] - closeApplication: Close app successfully

2018-05-08 12:22:40 - [MESSAGE][PASSED] - Close app successfully]]></system-out>
         <system-err><![CDATA[]]></system-err>
      </testcase>
      <testcase name="Test Cases/Login_OK" classname="Test Cases/Login_OK" status="PASSED">
         <system-out><![CDATA[2018-05-08 12:22:42 - [TEST_CASE][PASSED] - Test Cases/Login_OK: Test Cases/Login_OK

2018-05-08 12:22:42 - [TEST_STEP][PASSED] - Statement - data = com.kms.katalon.core.testdata.TestDataFactory.findTestData(TestData): Test data is internal data, reading internal data

2018-05-08 12:22:42 - [TEST_STEP][PASSED] - Statement - Try: Close app successfully

2018-05-08 12:22:42 - [TEST_STEP][PASSED] - Statement - out.println("Hola-mundo-07/05/2018-844-integrado con git"): null

2018-05-08 12:22:42 - [TEST_STEP][PASSED] - Statement - For (def index : data.getRowNumbers()): Close app successfully

2018-05-08 12:22:42 - [TEST_STEP][PASSED] - startApplication: Started app at: 'C:\Appium_Demo\src\apk\AppiumDemo.apk'

2018-05-08 12:23:08 - [MESSAGE][PASSED] - Started app at: 'C:\Appium_Demo\src\apk\AppiumDemo.apk'

2018-05-08 12:23:08 - [TEST_STEP][PASSED] - Statement - out.println("Appium Service Address"): null

2018-05-08 12:23:08 - [TEST_STEP][PASSED] - setText: Text '77001622Z' has been set to element 'Object Repository/android.widget.EditText0 - N Documento'

2018-05-08 12:23:15 - [MESSAGE][PASSED] - Text '77001622Z' has been set to element 'Object Repository/android.widget.EditText0 - N Documento'

2018-05-08 12:23:15 - [TEST_STEP][PASSED] - delay: Delayed 5 second(s)

2018-05-08 12:23:20 - [MESSAGE][PASSED] - Delayed 5 second(s)

2018-05-08 12:23:20 - [TEST_STEP][PASSED] - setText: Text 'Ibermatica' has been set to element 'Object Repository/android.widget.EditText1'

2018-05-08 12:23:27 - [MESSAGE][PASSED] - Text 'Ibermatica' has been set to element 'Object Repository/android.widget.EditText1'

2018-05-08 12:23:27 - [TEST_STEP][PASSED] - delay: Delayed 5 second(s)

2018-05-08 12:23:32 - [MESSAGE][PASSED] - Delayed 5 second(s)

2018-05-08 12:23:32 - [TEST_STEP][PASSED] - hideKeyboard: Keyboard is hidden

2018-05-08 12:23:33 - [MESSAGE][PASSED] - Keyboard is hidden

2018-05-08 12:23:33 - [TEST_STEP][PASSED] - tap: Tapped on element 'Object Repository/android.widget.Button0 - Acceder'

2018-05-08 12:23:34 - [MESSAGE][PASSED] - Tapped on element 'Object Repository/android.widget.Button0 - Acceder'

2018-05-08 12:23:34 - [TEST_STEP][PASSED] - waitForElementPresent: Element 'Object Repository/android.widget.TextView3 - Tarjetas' is present

2018-05-08 12:23:35 - [MESSAGE][PASSED] - Element 'Object Repository/android.widget.TextView3 - Tarjetas' is present

2018-05-08 12:23:35 - [TEST_STEP][PASSED] - pressBack: Press back button successfully

2018-05-08 12:23:35 - [MESSAGE][PASSED] - Press back button successfully

2018-05-08 12:23:35 - [TEST_STEP][PASSED] - closeApplication: Close app successfully

2018-05-08 12:23:41 - [MESSAGE][PASSED] - Close app successfully]]></system-out>
         <system-err><![CDATA[]]></system-err>
      </testcase>
      <system-out><![CDATA[2018-05-08 12:21:37 - [TEST_SUITE][PASSED] - Data Driven Benito Test Suite: Test Cases/Login_OK]]></system-out>
      <system-err><![CDATA[]]></system-err>
   </testsuite>
</testsuites>
